<?xml version="1.0" encoding="UTF-8"?>
<!-- Generated by org.testng.reporters.JUnitReportReporter -->
<testsuite hostname="DESKTOP-3CVQG2O" failures="0" tests="1" name="com.restAssured.tests.postdata" time="3.696" errors="0" timestamp="2022-08-25T14:28:34 IST" skipped="0">
  <testcase classname="com.restAssured.tests.postdata" name="test_user_created_successfully_using_post_api_method1_body_from_json_file" time="3.696"/>
  <system-out/>
</testsuite> <!-- com.restAssured.tests.postdata -->
