<?xml version="1.0" encoding="UTF-8"?>
<!-- Generated by org.testng.reporters.JUnitReportReporter -->
<testsuite hostname="DESKTOP-3CVQG2O" failures="0" tests="1" name="com.restAssured.tests.TC03_POST_ValidateCreateUser" time="3.003" errors="0" timestamp="2022-08-25T17:07:10 IST" skipped="0">
  <testcase classname="com.restAssured.tests.TC03_POST_ValidateCreateUser" name="test_user_created_successfully_using_post_api_method1_body_from_json_file" time="3.003"/>
  <system-out/>
</testsuite> <!-- com.restAssured.tests.TC03_POST_ValidateCreateUser -->
