<?xml version="1.0" encoding="UTF-8"?>
<!-- Generated by org.testng.reporters.JUnitReportReporter -->
<testsuite hostname="DESKTOP-3CVQG2O" failures="0" tests="1" name="com.restAssured.tests.TC01_ValidateGetRequest" time="2.539" errors="0" timestamp="2022-08-25T15:21:50 IST" skipped="0">
  <testcase classname="com.restAssured.tests.TC01_ValidateGetRequest" name="get_all_users_data_using_GET_Api" time="2.539"/>
  <system-out/>
</testsuite> <!-- com.restAssured.tests.TC01_ValidateGetRequest -->
