<?xml version="1.0" encoding="UTF-8"?>
<!-- Generated by org.testng.reporters.JUnitReportReporter -->
<testsuite hostname="DESKTOP-3CVQG2O" failures="0" tests="1" name="com.restAssured.tests.getdata" time="2.540" errors="0" timestamp="2022-08-25T13:19:39 IST" skipped="0">
  <testcase classname="com.restAssured.tests.getdata" name="get_all_users_data_using_GET_Api" time="2.540"/>
  <system-out/>
</testsuite> <!-- com.restAssured.tests.getdata -->
