<?xml version="1.0" encoding="UTF-8"?>
<!-- Generated by org.testng.reporters.JUnitReportReporter -->
<testsuite hostname="DESKTOP-3CVQG2O" failures="0" tests="1" name="com.restAssured.tests.TC02_POST_CreateUser" time="3.124" errors="0" timestamp="2022-08-25T14:38:30 IST" skipped="0">
  <testcase classname="com.restAssured.tests.TC02_POST_CreateUser" name="test_user_created_successfully_using_post_api_method1_body_from_json_file" time="3.124"/>
  <system-out/>
</testsuite> <!-- com.restAssured.tests.TC02_POST_CreateUser -->
