<?xml version="1.0" encoding="UTF-8"?>
<!-- Generated by org.testng.reporters.JUnitReportReporter -->
<testsuite hostname="DESKTOP-3CVQG2O" failures="0" tests="1" name="com.restAssured.tests.TC02_GET_ValidateListUsers" time="0.200" errors="0" timestamp="2022-08-25T17:02:57 IST" skipped="0">
  <testcase classname="com.restAssured.tests.TC02_GET_ValidateListUsers" name="get_ValidateAllUserData" time="0.200"/>
  <system-out/>
</testsuite> <!-- com.restAssured.tests.TC02_GET_ValidateListUsers -->
