<?xml version="1.0" encoding="UTF-8"?>
<!-- Generated by org.testng.reporters.JUnitReportReporter -->
<testsuite hostname="DESKTOP-3CVQG2O" failures="0" tests="1" name="com.restAssured.tests.TC01_GET_ValidateSingleUser" time="2.513" errors="0" timestamp="2022-08-25T17:02:57 IST" skipped="0">
  <testcase classname="com.restAssured.tests.TC01_GET_ValidateSingleUser" name="get_ValidateSingleUserData" time="2.513"/>
  <system-out/>
</testsuite> <!-- com.restAssured.tests.TC01_GET_ValidateSingleUser -->
